<?xml version="1.0" encoding="UTF-8"?>
<!-- Generated by org.testng.reporters.JUnitReportReporter -->
<testsuite skipped="0" hostname="MSI" name="com.fev.gitJenkins.App" tests="1" failures="0" timestamp="08 Oct 2023 01:36:06 GMT" time="3.264" errors="0">
  <testcase name="Login" time="3.264" classname="com.fev.gitJenkins.App"/>
</testsuite> <!-- com.fev.gitJenkins.App -->
